"../../../../../Users/jeremy.bun8227/Documents/GitHub/CastleGame/Content/Blueprints/BP_CastleGameCharacter.uasset" 0
"../../../Engine/Content/EditorBlueprintResources/StandardMacros.uasset" 1
"../../../../../Users/jeremy.bun8227/Documents/GitHub/CastleGame/Content/UI/C_InventorySlot.uasset" 2
"../../../../../Users/jeremy.bun8227/Documents/GitHub/CastleGame/Content/UI/WB_Inventory.uasset" 3
"../../../../../Users/jeremy.bun8227/Documents/GitHub/CastleGame/Content/Blueprints/BP_CastleGameController.uasset" 4
"../../../../../Users/jeremy.bun8227/Documents/GitHub/CastleGame/Content/Blueprints/BP_CastleGameGameMode.uasset" 5
"../../../../../Users/jeremy.bun8227/Documents/GitHub/CastleGame/Content/Blueprints/BP_CastleGameGameState.uasset" 6
"../../../../../Users/jeremy.bun8227/Documents/GitHub/CastleGame/Content/Blueprints/AI/BTT_GetNextPatrolPoint.uasset" 7
"../../../../../Users/jeremy.bun8227/Documents/GitHub/CastleGame/Content/Mannequin/Character/Materials/MaterialLayers/T_ML_Aluminum01_N.uasset" 8
"../../../../../Users/jeremy.bun8227/Documents/GitHub/CastleGame/Content/Mannequin/Character/Textures/UE4_LOGO_CARD.uasset" 9
"../../../../../Users/jeremy.bun8227/Documents/GitHub/CastleGame/Content/Data/ItemDB.uasset" 10
"../../../../../Users/jeremy.bun8227/Documents/GitHub/CastleGame/Content/Geometry/Meshes/CubeMaterial.uasset" 11
"../../../../../Users/jeremy.bun8227/Documents/GitHub/CastleGame/Content/Geometry/Meshes/TemplateFloor.uasset" 12
"../../../../../Users/jeremy.bun8227/Documents/GitHub/CastleGame/Content/Mannequin/Character/Mesh/UE4_Mannequin_Skeleton.uasset" 13
"../../../../../Users/jeremy.bun8227/Documents/GitHub/CastleGame/Content/Mannequin/Animations/ThirdPersonJump_End.uasset" 14
"../../../../../Users/jeremy.bun8227/Documents/GitHub/CastleGame/Content/Mannequin/Animations/ThirdPerson_Jump.uasset" 15
"../../../../../Users/jeremy.bun8227/Documents/GitHub/CastleGame/Content/Mannequin/Animations/ThirdPersonJump_Loop.uasset" 16
"../../../../../Users/jeremy.bun8227/Documents/GitHub/CastleGame/Content/Mannequin/Animations/ThirdPersonJump_Start.uasset" 17
"../../../../../Users/jeremy.bun8227/Documents/GitHub/CastleGame/Content/Mannequin/Animations/ThirdPersonIdle.uasset" 18
"../../../../../Users/jeremy.bun8227/Documents/GitHub/CastleGame/Content/Mannequin/Animations/ThirdPersonRun.uasset" 19
"../../../../../Users/jeremy.bun8227/Documents/GitHub/CastleGame/Content/Mannequin/Animations/ThirdPersonWalk.uasset" 20
"../../../../../Users/jeremy.bun8227/Documents/GitHub/CastleGame/Content/Mannequin/Animations/ThirdPerson_IdleRun_2D.uasset" 21
"../../../../../Users/jeremy.bun8227/Documents/GitHub/CastleGame/Content/Mannequin/Animations/ThirdPerson_AnimBP.uasset" 22
"../../../Engine/Content/Functions/Engine_MaterialFunctions02/Utility/BlendAngleCorrectedNormals.uasset" 23
"../../../Engine/Content/Functions/MaterialLayerFunctions/MatLayerBlend_NormalBlend.uasset" 24
"../../../Engine/Content/Functions/MaterialLayerFunctions/MatLayerBlend_Simple.uasset" 25
"../../../../../Users/jeremy.bun8227/Documents/GitHub/CastleGame/Content/Mannequin/Character/Materials/MaterialLayers/T_ML_Rubber_Blue_01_D.uasset" 26
"../../../../../Users/jeremy.bun8227/Documents/GitHub/CastleGame/Content/Mannequin/Character/Materials/MaterialLayers/T_ML_Rubber_Blue_01_N.uasset" 27
"../../../../../Users/jeremy.bun8227/Documents/GitHub/CastleGame/Content/Mannequin/Character/Materials/MaterialLayers/ML_GlossyBlack_Latex_UE4.uasset" 28
"../../../../../Users/jeremy.bun8227/Documents/GitHub/CastleGame/Content/Mannequin/Character/Materials/MaterialLayers/ML_Plastic_Shiny_Beige.uasset" 29
"../../../../../Users/jeremy.bun8227/Documents/GitHub/CastleGame/Content/Mannequin/Character/Materials/MaterialLayers/ML_Plastic_Shiny_Beige_LOGO.uasset" 30
"../../../../../Users/jeremy.bun8227/Documents/GitHub/CastleGame/Content/Mannequin/Character/Materials/MaterialLayers/T_ML_Aluminum01.uasset" 31
"../../../../../Users/jeremy.bun8227/Documents/GitHub/CastleGame/Content/Mannequin/Character/Materials/MaterialLayers/ML_SoftMetal_UE4.uasset" 32
"../../../../../Users/jeremy.bun8227/Documents/GitHub/CastleGame/Content/Mannequin/Character/Textures/UE4_Mannequin__normals.uasset" 33
"../../../../../Users/jeremy.bun8227/Documents/GitHub/CastleGame/Content/Mannequin/Character/Textures/UE4_Mannequin_MAT_MASKA.uasset" 34
"../../../../../Users/jeremy.bun8227/Documents/GitHub/CastleGame/Content/Mannequin/Character/Materials/M_UE4Man_Body.uasset" 35
"../../../../../Users/jeremy.bun8227/Documents/GitHub/CastleGame/Content/Mannequin/Character/Textures/UE4Man_Logo_N.uasset" 36
"../../../../../Users/jeremy.bun8227/Documents/GitHub/CastleGame/Content/Mannequin/Character/Materials/M_UE4Man_ChestLogo.uasset" 37
"../../../../../Users/jeremy.bun8227/Documents/GitHub/CastleGame/Content/Mannequin/Character/Mesh/SK_Mannequin_PhysicsAsset.uasset" 38
"../../../../../Users/jeremy.bun8227/Documents/GitHub/CastleGame/Content/Mannequin/Character/Mesh/SK_Mannequin.uasset" 39
"../../../../../Users/jeremy.bun8227/Documents/GitHub/CastleGame/Content/ThirdPersonCPP/Blueprints/ThirdPersonCharacter.uasset" 40
"../../../../../Users/jeremy.bun8227/Documents/GitHub/CastleGame/Content/ThirdPersonCPP/Blueprints/SideScrollCamera_BP.uasset" 41
"../../../../../Users/jeremy.bun8227/Documents/GitHub/CastleGame/Content/UI/C_InventorySlot_Tooltip.uasset" 42
"../../../Engine/Content/Animation/DefaultAnimCurveCompressionSettings.uasset" 43
"../../../Engine/Content/Functions/Engine_MaterialFunctions01/Opacity/CameraDepthFade.uasset" 44
"../../../Engine/Content/EngineMaterials/T_Default_Material_Grid_M.uasset" 45
"../../../Engine/Content/EngineMaterials/T_Default_Material_Grid_N.uasset" 46
"../../../Engine/Content/EngineMaterials/WorldGridMaterial.uasset" 47
"../../../Engine/Content/ArtTools/RenderToTexture/Meshes/S_1_Unit_Plane.uasset" 48
"../../../Engine/Content/EngineMaterials/DefaultMaterial.uasset" 49
"../../../Engine/Content/BasicShapes/Cone.uasset" 50
"../../../Engine/Content/BasicShapes/Cube.uasset" 51
"../../../Engine/Content/BasicShapes/Cylinder.uasset" 52
"../../../Engine/Content/BasicShapes/Sphere.uasset" 53
"../../../Engine/Content/EditorLandscapeResources/DataLayer.uasset" 54
"../../../Engine/Content/EditorMaterials/MAT_Groups_Toggle.uasset" 55
"../../../Engine/Content/EditorMaterials/MAT_Groups_Visibility.uasset" 56
"../../../Engine/Content/EditorMaterials/PreviewShadowIndicator.uasset" 57
"../../../Engine/Content/EditorMaterials/PreviewShadowIndicatorMaterial.uasset" 58
"../../../Engine/Content/EditorMaterials/MatineeGroups/MAT_ColorTrack.uasset" 59
"../../../Engine/Content/EditorMaterials/MatineeGroups/MAT_Groups_Anim.uasset" 60
"../../../Engine/Content/EditorMaterials/MatineeGroups/MAT_Groups_AudioMaster.uasset" 61
"../../../Engine/Content/EditorMaterials/MatineeGroups/MAT_Groups_Director.uasset" 62
"../../../Engine/Content/EditorMaterials/MatineeGroups/MAT_Groups_Event.uasset" 63
"../../../Engine/Content/EditorMaterials/MatineeGroups/MAT_Groups_Fade.uasset" 64
"../../../Engine/Content/EditorMaterials/MatineeGroups/MAT_Groups_Float.uasset" 65
"../../../Engine/Content/EditorMaterials/MatineeGroups/MAT_Groups_Move.uasset" 66
"../../../Engine/Content/EditorMaterials/MatineeGroups/MAT_Groups_Slomo.uasset" 67
"../../../Engine/Content/EditorMaterials/MatineeGroups/MAT_Groups_Sound.uasset" 68
"../../../Engine/Content/EditorMaterials/MatineeGroups/MAT_Groups_Vector.uasset" 69
"../../../Engine/Content/EditorMaterials/ParticleSystems/PSysThumbnail_NoImage.uasset" 70
"../../../Engine/Content/EditorMaterials/ParticleSystems/PSysThumbnail_OOD.uasset" 71
"../../../Engine/Content/EditorMaterials/Camera/CineMat.uasset" 72
"../../../Engine/Content/EditorMaterials/Camera/MI_CineMat_Rig.uasset" 73
"../../../Engine/Content/EditorMeshes/Camera/SM_CraneRig_Arm.uasset" 74
"../../../Engine/Content/EditorMeshes/Camera/SM_CraneRig_Base.uasset" 75
"../../../Engine/Content/EditorMeshes/Camera/SM_CraneRig_Body.uasset" 76
"../../../Engine/Content/EditorMeshes/Camera/SM_CraneRig_Mount.uasset" 77
"../../../Engine/Content/EditorMeshes/Camera/SM_RailRig_Mount.uasset" 78
"../../../Engine/Content/EditorMeshes/Camera/SM_RailRig_Track.uasset" 79
"../../../Engine/Content/EditorResources/BSPVertex.uasset" 80
"../../../Engine/Content/EditorResources/EmptyActor.uasset" 81
"../../../Engine/Content/EditorResources/S_Actor.uasset" 82
"../../../Engine/Content/EditorResources/S_Note.uasset" 83
"../../../Engine/Content/EditorResources/S_Solver.uasset" 84
"../../../Engine/Content/EditorResources/S_Trigger.uasset" 85
"../../../Engine/Content/EditorResources/LightIcons/S_LightError.uasset" 86
"../../../Engine/Content/EditorResources/SequenceRecorder/Countdown.uasset" 87
"../../../Engine/Content/EditorResources/SequenceRecorder/RecordingIndicator.uasset" 88
"../../../Engine/Content/EditorSounds/Notifications/CompileFailed.uasset" 89
"../../../Engine/Content/EditorSounds/Notifications/CompileFailed_Cue.uasset" 90
"../../../Engine/Content/EditorSounds/Notifications/CompileSuccess.uasset" 91
"../../../Engine/Content/EditorSounds/Notifications/CompileStart_Cue.uasset" 92
"../../../Engine/Content/EditorSounds/Notifications/CompileSuccess_Cue.uasset" 93
"../../../Engine/Content/EngineDamageTypes/DmgTypeBP_Environmental.uasset" 94
"../../../Engine/Content/EngineDebugMaterials/DebugEditorMaterial.uasset" 95
"../../../Engine/Content/EngineDebugMaterials/DebugMeshMaterial.uasset" 96
"../../../Engine/Content/EngineDebugMaterials/M_SimpleTranslucent.uasset" 97
"../../../Engine/Content/Functions/Engine_MaterialFunctions02/Utility/CameraDirectionVector.uasset" 98
"../../../Engine/Content/EngineDebugMaterials/VolumeToRender.uasset" 99
"../../../Engine/Content/EngineDebugMaterials/M_VolumeRenderSphereTracePP.uasset" 100
"../../../Engine/Content/EngineDebugMaterials/WireframeMaterial.uasset" 101
"../../../Engine/Content/EngineFonts/Faces/DroidSansFallback.uasset" 102
"../../../Engine/Content/EngineFonts/Faces/RobotoBold.uasset" 103
"../../../Engine/Content/EngineFonts/Faces/RobotoBoldItalic.uasset" 104
"../../../Engine/Content/EngineFonts/Faces/RobotoItalic.uasset" 105
"../../../Engine/Content/EngineFonts/Faces/RobotoLight.uasset" 106
"../../../Engine/Content/EngineFonts/Faces/RobotoRegular.uasset" 107
"../../../Engine/Content/EngineFonts/Roboto.uasset" 108
"../../../Engine/Content/EngineMaterials/BaseFlattenDiffuseMap.uasset" 109
"../../../Engine/Content/EngineMaterials/BaseFlattenEmissiveMap.uasset" 110
"../../../Engine/Content/EngineMaterials/BaseFlattenGrayscaleMap.uasset" 111
"../../../Engine/Content/EngineMaterials/BaseFlattenNormalMap.uasset" 112
"../../../Engine/Content/EngineMaterials/BaseFlattenMaterial.uasset" 113
"../../../Engine/Content/EngineMaterials/BlueNoise.uasset" 114
"../../../Engine/Content/EngineMaterials/DefaultBloomKernel.uasset" 115
"../../../Engine/Content/EngineMaterials/DefaultBokeh.uasset" 116
"../../../Engine/Content/EngineMaterials/DefaultDiffuse.uasset" 117
"../../../Engine/Content/EngineMaterials/DefaultDeferredDecalMaterial.uasset" 118
"../../../Engine/Content/EngineMaterials/DefaultLightFunctionMaterial.uasset" 119
"../../../Engine/Content/EngineMaterials/DefaultPhysicalMaterial.uasset" 120
"../../../Engine/Content/Functions/Engine_MaterialFunctions02/Utility/BreakOutFloat2Components.uasset" 121
"../../../Engine/Content/EngineMaterials/DefaultPostProcessMaterial.uasset" 122
"../../../Engine/Content/EngineFonts/RobotoDistanceField.uasset" 123
"../../../Engine/Content/EngineMaterials/DefaultTextMaterialOpaque.uasset" 124
"../../../Engine/Content/EngineMaterials/DefaultVirtualTextureMaterial.uasset" 125
"../../../Engine/Content/EngineMaterials/DefaultWhiteGrid.uasset" 126
"../../../Engine/Content/EngineMaterials/DefaultWhiteGrid_Low.uasset" 127
"../../../Engine/Content/EngineMaterials/EmissiveMeshMaterial.uasset" 128
"../../../Engine/Content/EngineMaterials/GizmoMaterial.uasset" 129
"../../../Engine/Content/EngineMaterials/Good64x64TilingNoiseHighFreq.uasset" 130
"../../../Engine/Content/EngineMaterials/HairDefaultMaterial.uasset" 131
"../../../Engine/Content/EngineMaterials/MiniFont.uasset" 132
"../../../Engine/Content/EngineMaterials/InvalidLightmapSettings.uasset" 133
"../../../Engine/Content/EngineMaterials/M_InvalidLightmapSettings.uasset" 134
"../../../Engine/Content/Functions/Engine_MaterialFunctions02/WorldPositionOffset/CameraOffset.uasset" 135
"../../../Engine/Content/EngineMaterials/PhAT_JointLimitMaterial.uasset" 136
"../../../Engine/Content/EngineMaterials/PreintegratedSkinBRDF.uasset" 137
"../../../Engine/Content/EngineMaterials/RemoveSurfaceMaterial.uasset" 138
"../../../Engine/Content/EngineMaterials/WeightMapPlaceholderTexture.uasset" 139
"../../../Engine/Content/EngineResources/WhiteSquareTexture.uasset" 140
"../../../Engine/Content/EngineMaterials/Widget3DPassThrough.uasset" 141
"../../../Engine/Content/EngineMaterials/Widget3DPassThrough_Masked.uasset" 142
"../../../Engine/Content/EngineMaterials/Widget3DPassThrough_Opaque.uasset" 143
"../../../Engine/Content/EngineMaterials/Widget3DPassThrough_Masked_OneSided.uasset" 144
"../../../Engine/Content/EngineMaterials/Widget3DPassThrough_Opaque_OneSided.uasset" 145
"../../../Engine/Content/EngineMaterials/Widget3DPassThrough_Translucent.uasset" 146
"../../../Engine/Content/EngineMaterials/Widget3DPassThrough_Translucent_OneSided.uasset" 147
"../../../Engine/Content/EngineMeshes/Cylinder.uasset" 148
"../../../Engine/Content/EngineMeshes/Sphere.uasset" 149
"../../../Engine/Content/EngineResources/Black.uasset" 150
"../../../Engine/Content/EngineResources/DefaultTexture.uasset" 151
"../../../Engine/Content/EngineResources/DefaultTextureCube.uasset" 152
"../../../Engine/Content/EngineResources/DefaultVolumeTexture2D.uasset" 153
"../../../Engine/Content/EngineResources/DefaultVolumeTexture.uasset" 154
"../../../Engine/Content/EngineResources/GradientTexture0.uasset" 155
"../../../Engine/Content/EngineSounds/Master.uasset" 156
"../../../Engine/Content/Functions/Engine_MaterialFunctions01/Shading/ConvertFromDiffSpec.uasset" 157
"../../../Engine/Content/Functions/Engine_MaterialFunctions01/Shading/PowerToRoughness.uasset" 158
"../../../Engine/Content/Maps/Templates/Thumbnails/Default.uasset" 159
"../../../Engine/Content/Maps/Templates/Thumbnails/TimeOfDay.uasset" 160
"../../../Engine/Content/Maps/Templates/Thumbnails/VR-Basic.uasset" 161
"../../../Engine/Content/MobileResources/T_MobileControls_texture.uasset" 162
"../../../Engine/Content/MobileResources/T_MobileMenu2.uasset" 163
"../../../Engine/Content/MobileResources/HUD/AnalogHat.uasset" 164
"../../../Engine/Content/MobileResources/HUD/VirtualJoystick_Background.uasset" 165
"../../../Engine/Content/MobileResources/HUD/VirtualJoystick_Thumb.uasset" 166
"../../../Engine/Content/MobileResources/HUD/DefaultVirtualJoysticks.uasset" 167
"../../../Engine/Content/MobileResources/HUD/LeftVirtualJoystickOnly.uasset" 168
"../../../Engine/Content/MobileResources/HUD/MobileHUDButton1_off.uasset" 169
"../../../Engine/Content/MobileResources/HUD/MobileHUDButton1_on.uasset" 170
"../../../Engine/Content/MobileResources/HUD/MobileHUDButton2_off.uasset" 171
"../../../Engine/Content/MobileResources/HUD/MobileHUDButton2_on.uasset" 172
"../../../Engine/Content/MobileResources/HUD/MobileHUDButton3.uasset" 173
"../../../Engine/Content/MobileResources/HUD/MobileHUDButtonFire.uasset" 174
"../../../Engine/Content/MobileResources/HUD/MobileHUDDirectionPad.uasset" 175
"../../../Engine/Content/MobileResources/HUD/MobileHUDDirectionPad2.uasset" 176
"../../../Engine/Content/MobileResources/HUD/MobileHUDDirectionPad3.uasset" 177
"../../../Engine/Content/MobileResources/HUD/MobileHUDDirectionStick.uasset" 178
"../../../Engine/Content/MobileResources/HUD/T_Castle_ThumbstickInner.uasset" 179
"../../../Engine/Content/MobileResources/HUD/T_Castle_ThumbstickOutter.uasset" 180
"../../../Engine/Content/Tutorial/ContentIntroCurve.uasset" 181
"../../../Engine/Content/Tutorial/Basics/LevelEditorAttract.uasset" 182
"../../../Engine/Content/VREditor/LaserPointer/VR_LaserPower_01.uasset" 183
"../../../Engine/Content/VREditor/TransformGizmo/TransformGizmoMaterial.uasset" 184
"../../../Engine/Content/VREditor/TransformGizmo/TranslucentTransformGizmoMaterial.uasset" 185
"../../../Engine/Content/VREditor/TransformGizmo/BoundingBoxCorner.uasset" 186
"../../../Engine/Content/VREditor/TransformGizmo/BoundingBoxEdge.uasset" 187
"../../../Engine/Content/VREditor/TransformGizmo/PlaneTranslationHandle.uasset" 188
"../../../Engine/Content/VREditor/TransformGizmo/Main.uasset" 189
"../../../Engine/Content/VREditor/TransformGizmo/Xray.uasset" 190
"../../../Engine/Content/VREditor/TransformGizmo/SM_Sequencer_Key.uasset" 191
"../../../Engine/Content/VREditor/TransformGizmo/SM_Sequencer_Node.uasset" 192
"../../Plugins/2D/Paper2D/Content/PlaceholderTextures/DummySpriteTexture.uasset" 193
"../../Plugins/2D/Paper2D/Content/DummySprite.uasset" 194
"../../Plugins/2D/Paper2D/Content/DefaultPaperTerrainMaterial.uasset" 195
"../../Plugins/2D/Paper2D/Content/DummySpriteTexture.uasset" 196
"../../Plugins/2D/Paper2D/Content/DefaultSpriteMaterial.uasset" 197
"../../Plugins/2D/Paper2D/Content/MaskedUnlitSpriteMaterial.uasset" 198
"../../Plugins/2D/Paper2D/Content/OpaqueUnlitSpriteMaterial.uasset" 199
"../../../Engine/Content/Functions/Engine_MaterialFunctions02/Utility/BreakOutFloat4Components.uasset" 200
"../../../Engine/Content/Functions/Engine_MaterialFunctions02/Utility/MakeFloat2.uasset" 201
"../../../Engine/Content/Functions/Engine_MaterialFunctions02/Utility/MakeFloat3.uasset" 202
"../../Plugins/Runtime/Oculus/OculusVR/Content/Materials/OculusMR_ChromaKey.uasset" 203
"../../Plugins/Runtime/Oculus/OculusVR/Content/Materials/OculusMR_ChromaKey_Lit.uasset" 204
"../../Plugins/Runtime/Oculus/OculusVR/Content/Materials/OculusMR_OpaqueColoredMaterial.uasset" 205
"../../Plugins/Runtime/Oculus/OculusVR/Content/Materials/OculusMR_WhiteMaterial.uasset" 206
"../../../Engine/Content/EngineSky/C_Sky_Cloud_Color.uasset" 207
"../../../Engine/Content/EngineSky/C_Sky_Horizon_Color.uasset" 208
"../../../Engine/Content/EngineSky/C_Sky_Zenith_Color.uasset" 209
"../../../Engine/Content/EngineSky/T_Sky_Blue.uasset" 210
"../../../Engine/Content/EngineSky/T_Sky_Clouds_M.uasset" 211
"../../../Engine/Content/EngineSky/T_Sky_Stars.uasset" 212
"../../../Engine/Content/EngineSky/M_Sky_Panning_Clouds2.uasset" 213
"../../../Engine/Content/EngineSky/SM_SkySphere.uasset" 214
"../../../Engine/Content/EngineSky/BP_Sky_Sphere.uasset" 215
"../../../../../Users/jeremy.bun8227/Documents/GitHub/CastleGame/Content/ThirdPersonCPP/Maps/SidescrollMap_BuiltData.uasset" 216
"../../../Engine/Content/BasicShapes/BasicShapeMaterial.uasset" 217
"../../../Engine/Content/BasicShapes/Plane.uasset" 218
"../../../../../Users/jeremy.bun8227/Documents/GitHub/CastleGame/Content/ThirdPersonCPP/Maps/SidescrollMap.umap" 219
"../../../../../Users/jeremy.bun8227/Documents/GitHub/CastleGame/Content/Blueprints/AI/BB_Guard.uasset" 220
"../../../../../Users/jeremy.bun8227/Documents/GitHub/CastleGame/Content/Blueprints/AI/BTT_ChasePlayer.uasset" 221
"../../../../../Users/jeremy.bun8227/Documents/GitHub/CastleGame/Content/Blueprints/AI/BTT_FindRandomPatrol.uasset" 222
"../../../../../Users/jeremy.bun8227/Documents/GitHub/CastleGame/Content/Blueprints/AI/BT_Guard.uasset" 223
"../../../../../Users/jeremy.bun8227/Documents/GitHub/CastleGame/Content/Blueprints/AI/BP_GuardController.uasset" 224
"../../../../../Users/jeremy.bun8227/Documents/GitHub/CastleGame/Content/Blueprints/AI/BP_GuardCharacter.uasset" 225
"../../../../../Users/jeremy.bun8227/Documents/GitHub/CastleGame/Content/Assets/Pickups/AutoPickup.uasset" 226
"../../../../../Users/jeremy.bun8227/Documents/GitHub/CastleGame/Content/Assets/Pickups/ManPickUp.uasset" 227
"../../../../../Users/jeremy.bun8227/Documents/GitHub/CastleGame/Content/ThirdPersonCPP/Maps/Castle_Lobby.uasset" 228
"../../../../../Users/jeremy.bun8227/Documents/GitHub/CastleGame/Content/ThirdPersonCPP/Maps/lambert1.uasset" 229
"../../../../../Users/jeremy.bun8227/Documents/GitHub/CastleGame/Content/ThirdPersonCPP/Maps/Floor.uasset" 230
"../../../../../Users/jeremy.bun8227/Documents/GitHub/CastleGame/Content/ThirdPersonCPP/Maps/Inner_Corner_Wall1.uasset" 231
"../../../../../Users/jeremy.bun8227/Documents/GitHub/CastleGame/Content/ThirdPersonCPP/Maps/Inner_Corner_Wall10.uasset" 232
"../../../../../Users/jeremy.bun8227/Documents/GitHub/CastleGame/Content/ThirdPersonCPP/Maps/Inner_Corner_Wall11.uasset" 233
"../../../../../Users/jeremy.bun8227/Documents/GitHub/CastleGame/Content/ThirdPersonCPP/Maps/Inner_Corner_Wall12.uasset" 234
"../../../../../Users/jeremy.bun8227/Documents/GitHub/CastleGame/Content/ThirdPersonCPP/Maps/Inner_Corner_Wall13.uasset" 235
"../../../../../Users/jeremy.bun8227/Documents/GitHub/CastleGame/Content/ThirdPersonCPP/Maps/Inner_Corner_Wall2.uasset" 236
"../../../../../Users/jeremy.bun8227/Documents/GitHub/CastleGame/Content/ThirdPersonCPP/Maps/Inner_Corner_Wall4.uasset" 237
"../../../../../Users/jeremy.bun8227/Documents/GitHub/CastleGame/Content/ThirdPersonCPP/Maps/Inner_Corner_Wall5.uasset" 238
"../../../../../Users/jeremy.bun8227/Documents/GitHub/CastleGame/Content/ThirdPersonCPP/Maps/Inner_Corner_Wall6.uasset" 239
"../../../../../Users/jeremy.bun8227/Documents/GitHub/CastleGame/Content/ThirdPersonCPP/Maps/Inner_Corner_Wall7.uasset" 240
"../../../../../Users/jeremy.bun8227/Documents/GitHub/CastleGame/Content/ThirdPersonCPP/Maps/Inner_Corner_Wall8.uasset" 241
"../../../../../Users/jeremy.bun8227/Documents/GitHub/CastleGame/Content/ThirdPersonCPP/Maps/Inner_Corner_Wall9.uasset" 242
"../../../../../Users/jeremy.bun8227/Documents/GitHub/CastleGame/Content/ThirdPersonCPP/Maps/Outer_Corner_Wall1.uasset" 243
"../../../../../Users/jeremy.bun8227/Documents/GitHub/CastleGame/Content/ThirdPersonCPP/Maps/Outer_Corner_Wall2.uasset" 244
"../../../../../Users/jeremy.bun8227/Documents/GitHub/CastleGame/Content/ThirdPersonCPP/Maps/Outer_Corner_Wall3.uasset" 245
"../../../../../Users/jeremy.bun8227/Documents/GitHub/CastleGame/Content/ThirdPersonCPP/Maps/Outer_Corner_Wall4.uasset" 246
"../../../../../Users/jeremy.bun8227/Documents/GitHub/CastleGame/Content/ThirdPersonCPP/Maps/Outer_Corner_Wall5.uasset" 247
"../../../../../Users/jeremy.bun8227/Documents/GitHub/CastleGame/Content/ThirdPersonCPP/Maps/Outer_Corner_Wall6.uasset" 248
"../../../../../Users/jeremy.bun8227/Documents/GitHub/CastleGame/Content/ThirdPersonCPP/Maps/pCylinder7.uasset" 249
"../../../../../Users/jeremy.bun8227/Documents/GitHub/CastleGame/Content/ThirdPersonCPP/Maps/pCylinder8.uasset" 250
"../../../../../Users/jeremy.bun8227/Documents/GitHub/CastleGame/Content/ThirdPersonCPP/Maps/pCylinder9.uasset" 251
"../../../../../Users/jeremy.bun8227/Documents/GitHub/CastleGame/Content/ThirdPersonCPP/Maps/Pillar_3.uasset" 252
"../../../../../Users/jeremy.bun8227/Documents/GitHub/CastleGame/Content/ThirdPersonCPP/Maps/Pillar_4.uasset" 253
"../../../../../Users/jeremy.bun8227/Documents/GitHub/CastleGame/Content/ThirdPersonCPP/Maps/Pillar_5.uasset" 254
"../../../../../Users/jeremy.bun8227/Documents/GitHub/CastleGame/Content/ThirdPersonCPP/Maps/Pillar_6.uasset" 255
"../../../../../Users/jeremy.bun8227/Documents/GitHub/CastleGame/Content/ThirdPersonCPP/Maps/Pillar_7.uasset" 256
"../../../../../Users/jeremy.bun8227/Documents/GitHub/CastleGame/Content/ThirdPersonCPP/Maps/Pillar_8.uasset" 257
"../../../../../Users/jeremy.bun8227/Documents/GitHub/CastleGame/Content/ThirdPersonCPP/Maps/Plain_Wall26.uasset" 258
"../../../../../Users/jeremy.bun8227/Documents/GitHub/CastleGame/Content/ThirdPersonCPP/Maps/Plain_Wall27.uasset" 259
"../../../../../Users/jeremy.bun8227/Documents/GitHub/CastleGame/Content/ThirdPersonCPP/Maps/Plain_Wall28.uasset" 260
"../../../../../Users/jeremy.bun8227/Documents/GitHub/CastleGame/Content/ThirdPersonCPP/Maps/Plain_Wall29.uasset" 261
"../../../../../Users/jeremy.bun8227/Documents/GitHub/CastleGame/Content/ThirdPersonCPP/Maps/Plain_Wall30.uasset" 262
"../../../../../Users/jeremy.bun8227/Documents/GitHub/CastleGame/Content/ThirdPersonCPP/Maps/Plain_Wall31.uasset" 263
"../../../../../Users/jeremy.bun8227/Documents/GitHub/CastleGame/Content/ThirdPersonCPP/Maps/Plain_Wall32.uasset" 264
"../../../../../Users/jeremy.bun8227/Documents/GitHub/CastleGame/Content/ThirdPersonCPP/Maps/Plain_Wall33.uasset" 265
"../../../../../Users/jeremy.bun8227/Documents/GitHub/CastleGame/Content/ThirdPersonCPP/Maps/Plain_Wall34.uasset" 266
"../../../../../Users/jeremy.bun8227/Documents/GitHub/CastleGame/Content/ThirdPersonCPP/Maps/Plain_Wall37.uasset" 267
"../../../../../Users/jeremy.bun8227/Documents/GitHub/CastleGame/Content/ThirdPersonCPP/Maps/Plain_Wall38.uasset" 268
"../../../../../Users/jeremy.bun8227/Documents/GitHub/CastleGame/Content/ThirdPersonCPP/Maps/Plain_Wall39.uasset" 269
"../../../../../Users/jeremy.bun8227/Documents/GitHub/CastleGame/Content/ThirdPersonCPP/Maps/Plain_Wall40.uasset" 270
"../../../../../Users/jeremy.bun8227/Documents/GitHub/CastleGame/Content/ThirdPersonCPP/Maps/Plain_Wall41.uasset" 271
"../../../../../Users/jeremy.bun8227/Documents/GitHub/CastleGame/Content/ThirdPersonCPP/Maps/Plain_Wall42.uasset" 272
"../../../../../Users/jeremy.bun8227/Documents/GitHub/CastleGame/Content/ThirdPersonCPP/Maps/Plain_Wall43.uasset" 273
"../../../../../Users/jeremy.bun8227/Documents/GitHub/CastleGame/Content/ThirdPersonCPP/Maps/Plain_Wall46.uasset" 274
"../../../../../Users/jeremy.bun8227/Documents/GitHub/CastleGame/Content/ThirdPersonCPP/Maps/Plain_Wall47.uasset" 275
"../../../../../Users/jeremy.bun8227/Documents/GitHub/CastleGame/Content/ThirdPersonCPP/Maps/Plain_Wall48.uasset" 276
"../../../../../Users/jeremy.bun8227/Documents/GitHub/CastleGame/Content/ThirdPersonCPP/Maps/Plain_Wall49.uasset" 277
"../../../../../Users/jeremy.bun8227/Documents/GitHub/CastleGame/Content/ThirdPersonCPP/Maps/Plain_Wall50.uasset" 278
"../../../../../Users/jeremy.bun8227/Documents/GitHub/CastleGame/Content/ThirdPersonCPP/Maps/Plain_Wall51.uasset" 279
"../../../../../Users/jeremy.bun8227/Documents/GitHub/CastleGame/Content/ThirdPersonCPP/Maps/Plain_Wall52.uasset" 280
"../../../../../Users/jeremy.bun8227/Documents/GitHub/CastleGame/Content/ThirdPersonCPP/Maps/Plain_Wall53.uasset" 281
"../../../../../Users/jeremy.bun8227/Documents/GitHub/CastleGame/Content/ThirdPersonCPP/Maps/Plain_Wall54.uasset" 282
"../../../../../Users/jeremy.bun8227/Documents/GitHub/CastleGame/Content/ThirdPersonCPP/Maps/Plain_Wall55.uasset" 283
"../../../../../Users/jeremy.bun8227/Documents/GitHub/CastleGame/Content/ThirdPersonCPP/Maps/Plain_Wall56.uasset" 284
"../../../../../Users/jeremy.bun8227/Documents/GitHub/CastleGame/Content/ThirdPersonCPP/Maps/Plain_Wall57.uasset" 285
"../../../../../Users/jeremy.bun8227/Documents/GitHub/CastleGame/Content/ThirdPersonCPP/Maps/Plain_Wall58.uasset" 286
"../../../../../Users/jeremy.bun8227/Documents/GitHub/CastleGame/Content/ThirdPersonCPP/Maps/Plain_Wall59.uasset" 287
"../../../../../Users/jeremy.bun8227/Documents/GitHub/CastleGame/Content/ThirdPersonCPP/Maps/Plain_Wall60.uasset" 288
"../../../../../Users/jeremy.bun8227/Documents/GitHub/CastleGame/Content/ThirdPersonCPP/Maps/Plain_Wall61.uasset" 289
"../../../../../Users/jeremy.bun8227/Documents/GitHub/CastleGame/Content/ThirdPersonCPP/Maps/Plain_Wall62.uasset" 290
"../../../../../Users/jeremy.bun8227/Documents/GitHub/CastleGame/Content/ThirdPersonCPP/Maps/Plain_Wall63.uasset" 291
"../../../../../Users/jeremy.bun8227/Documents/GitHub/CastleGame/Content/ThirdPersonCPP/Maps/Plain_Wall64.uasset" 292
"../../../../../Users/jeremy.bun8227/Documents/GitHub/CastleGame/Content/ThirdPersonCPP/Maps/Plain_Wall65.uasset" 293
"../../../../../Users/jeremy.bun8227/Documents/GitHub/CastleGame/Content/ThirdPersonCPP/Maps/Plain_Wall66.uasset" 294
"../../../../../Users/jeremy.bun8227/Documents/GitHub/CastleGame/Content/ThirdPersonCPP/Maps/Plain_Wall67.uasset" 295
"../../../../../Users/jeremy.bun8227/Documents/GitHub/CastleGame/Content/ThirdPersonCPP/Maps/Plain_Wall68.uasset" 296
"../../../../../Users/jeremy.bun8227/Documents/GitHub/CastleGame/Content/ThirdPersonCPP/Maps/Plain_Wall69.uasset" 297
"../../../../../Users/jeremy.bun8227/Documents/GitHub/CastleGame/Content/ThirdPersonCPP/Maps/Plain_Wall70.uasset" 298
"../../../../../Users/jeremy.bun8227/Documents/GitHub/CastleGame/Content/ThirdPersonCPP/Maps/Plain_Wall71.uasset" 299
"../../../../../Users/jeremy.bun8227/Documents/GitHub/CastleGame/Content/ThirdPersonCPP/Maps/Railing10.uasset" 300
"../../../../../Users/jeremy.bun8227/Documents/GitHub/CastleGame/Content/ThirdPersonCPP/Maps/Railing11.uasset" 301
"../../../../../Users/jeremy.bun8227/Documents/GitHub/CastleGame/Content/ThirdPersonCPP/Maps/Railing12.uasset" 302
"../../../../../Users/jeremy.bun8227/Documents/GitHub/CastleGame/Content/ThirdPersonCPP/Maps/Railing13.uasset" 303
"../../../../../Users/jeremy.bun8227/Documents/GitHub/CastleGame/Content/ThirdPersonCPP/Maps/Railing14.uasset" 304
"../../../../../Users/jeremy.bun8227/Documents/GitHub/CastleGame/Content/ThirdPersonCPP/Maps/Railing15.uasset" 305
"../../../../../Users/jeremy.bun8227/Documents/GitHub/CastleGame/Content/ThirdPersonCPP/Maps/Railing16.uasset" 306
"../../../../../Users/jeremy.bun8227/Documents/GitHub/CastleGame/Content/ThirdPersonCPP/Maps/Second_Floor1.uasset" 307
"../../../../../Users/jeremy.bun8227/Documents/GitHub/CastleGame/Content/ThirdPersonCPP/Maps/Stairs2.uasset" 308
"../../../../../Users/jeremy.bun8227/Documents/GitHub/CastleGame/Content/ThirdPersonCPP/Maps/Tall_Wall_Inner_Corner1.uasset" 309
"../../../../../Users/jeremy.bun8227/Documents/GitHub/CastleGame/Content/ThirdPersonCPP/Maps/Tall_Wall_Inner_Corner2.uasset" 310
"../../../../../Users/jeremy.bun8227/Documents/GitHub/CastleGame/Content/ThirdPersonCPP/Maps/Tall_Wall_Inner_Corner3.uasset" 311
"../../../../../Users/jeremy.bun8227/Documents/GitHub/CastleGame/Content/ThirdPersonCPP/Maps/Tall_Wall_Inner_Corner4.uasset" 312
"../../../../../Users/jeremy.bun8227/Documents/GitHub/CastleGame/Content/ThirdPersonCPP/Maps/Tall_Wall_Outer_Corner1.uasset" 313
"../../../../../Users/jeremy.bun8227/Documents/GitHub/CastleGame/Content/ThirdPersonCPP/Maps/Tall_Wall_Outer_Corner2.uasset" 314
"../../../../../Users/jeremy.bun8227/Documents/GitHub/CastleGame/Content/ThirdPersonCPP/Maps/FbxScene_Castle_Lobby.uasset" 315
"../../../../../Users/jeremy.bun8227/Documents/GitHub/CastleGame/Content/ThirdPersonCPP/Maps/ThirdPersonExampleMap_BuiltData.uasset" 316
"../../../../../Users/jeremy.bun8227/Documents/GitHub/CastleGame/Content/Geometry/Meshes/1M_Cube.uasset" 317
"../../../../../Users/jeremy.bun8227/Documents/GitHub/CastleGame/Content/Geometry/Meshes/1M_Cube_Chamfer.uasset" 318
"../../../../../Users/jeremy.bun8227/Documents/GitHub/CastleGame/Content/ThirdPerson/Meshes/RampMaterial.uasset" 319
"../../../../../Users/jeremy.bun8227/Documents/GitHub/CastleGame/Content/ThirdPerson/Meshes/Bump_StaticMesh.uasset" 320
"../../../../../Users/jeremy.bun8227/Documents/GitHub/CastleGame/Content/ThirdPerson/Meshes/LeftArm_StaticMesh.uasset" 321
"../../../../../Users/jeremy.bun8227/Documents/GitHub/CastleGame/Content/ThirdPerson/Meshes/Linear_Stair_StaticMesh.uasset" 322
"../../../../../Users/jeremy.bun8227/Documents/GitHub/CastleGame/Content/ThirdPerson/Meshes/Ramp_StaticMesh.uasset" 323
"../../../../../Users/jeremy.bun8227/Documents/GitHub/CastleGame/Content/ThirdPerson/Meshes/RightArm_StaticMesh.uasset" 324
"../../../../../Users/jeremy.bun8227/Documents/GitHub/CastleGame/Content/UI/WB_Ingame.uasset" 325
"../../../../../Users/jeremy.bun8227/Documents/GitHub/CastleGame/Content/ThirdPersonCPP/Maps/ThirdPersonExampleMap.umap" 326
"../../../Engine/Content/Maps/Entry_BuiltData.uasset" 327
"../../../Engine/Content/Maps/Entry.umap" 328
